[2014-03-05 01:07:08] production.ERROR: exception 'ErrorException' with message 'getimagesize(E:\wamp\tmp\php9A01.tmp): failed to open stream: No such file or directory' in E:\wamp\www\xiaoxiao\app\controllers\ArticleController.php:68
Stack trace:
#0 [internal function]: Illuminate\Exception\Handler->handleError(2, 'getimagesize(E:...', 'E:\wamp\www\xia...', 68, Array)
#1 E:\wamp\www\xiaoxiao\app\controllers\ArticleController.php(68): getimagesize('E:\wamp\tmp\php...')
#2 [internal function]: ArticleController->uploadImageArticle()
#3 E:\wamp\www\xiaoxiao\vendor\laravel\framework\src\Illuminate\Routing\Controller.php(194): call_user_func_array(Array, Array)
#4 E:\wamp\www\xiaoxiao\vendor\laravel\framework\src\Illuminate\Routing\ControllerDispatcher.php(93): Illuminate\Routing\Controller->callAction('uploadImageArti...', Array)
#5 E:\wamp\www\xiaoxiao\vendor\laravel\framework\src\Illuminate\Routing\ControllerDispatcher.php(62): Illuminate\Routing\ControllerDispatcher->call(Object(ArticleController), Object(Illuminate\Routing\Route), 'uploadImageArti...')
#6 E:\wamp\www\xiaoxiao\vendor\laravel\framework\src\Illuminate\Routing\Router.php(934): Illuminate\Routing\ControllerDispatcher->dispatch(Object(Illuminate\Routing\Route), Object(Illuminate\Http\Request), 'ArticleControll...', 'uploadImageArti...')
#7 [internal function]: Illuminate\Routing\Router->Illuminate\Routing\{closure}()
#8 E:\wamp\www\xiaoxiao\vendor\laravel\framework\src\Illuminate\Routing\Route.php(105): call_user_func_array(Object(Closure), Array)
#9 E:\wamp\www\xiaoxiao\vendor\laravel\framework\src\Illuminate\Routing\Router.php(1000): Illuminate\Routing\Route->run(Object(Illuminate\Http\Request))
#10 E:\wamp\www\xiaoxiao\vendor\laravel\framework\src\Illuminate\Routing\Router.php(968): Illuminate\Routing\Router->dispatchToRoute(Object(Illuminate\Http\Request))
#11 E:\wamp\www\xiaoxiao\vendor\laravel\framework\src\Illuminate\Foundation\Application.php(738): Illuminate\Routing\Router->dispatch(Object(Illuminate\Http\Request))
#12 E:\wamp\www\xiaoxiao\vendor\laravel\framework\src\Illuminate\Foundation\Application.php(708): Illuminate\Foundation\Application->dispatch(Object(Illuminate\Http\Request))
#13 E:\wamp\www\xiaoxiao\vendor\laravel\framework\src\Illuminate\Http\FrameGuard.php(38): Illuminate\Foundation\Application->handle(Object(Illuminate\Http\Request), 1, true)
#14 E:\wamp\www\xiaoxiao\vendor\laravel\framework\src\Illuminate\Session\Middleware.php(72): Illuminate\Http\FrameGuard->handle(Object(Illuminate\Http\Request), 1, true)
#15 E:\wamp\www\xiaoxiao\vendor\laravel\framework\src\Illuminate\Cookie\Queue.php(47): Illuminate\Session\Middleware->handle(Object(Illuminate\Http\Request), 1, true)
#16 E:\wamp\www\xiaoxiao\vendor\laravel\framework\src\Illuminate\Cookie\Guard.php(51): Illuminate\Cookie\Queue->handle(Object(Illuminate\Http\Request), 1, true)
#17 E:\wamp\www\xiaoxiao\vendor\stack\builder\src\Stack\StackedHttpKernel.php(23): Illuminate\Cookie\Guard->handle(Object(Illuminate\Http\Request), 1, true)
#18 E:\wamp\www\xiaoxiao\vendor\laravel\framework\src\Illuminate\Foundation\Application.php(606): Stack\StackedHttpKernel->handle(Object(Illuminate\Http\Request))
#19 E:\wamp\www\xiaoxiao\public\index.php(49): Illuminate\Foundation\Application->run()
#20 {main} [] []
[2014-03-05 01:07:31] production.ERROR: exception 'ErrorException' with message 'getimagesize(E:\wamp\tmp\phpF654.tmp): failed to open stream: No such file or directory' in E:\wamp\www\xiaoxiao\app\controllers\ArticleController.php:68
Stack trace:
#0 [internal function]: Illuminate\Exception\Handler->handleError(2, 'getimagesize(E:...', 'E:\wamp\www\xia...', 68, Array)
#1 E:\wamp\www\xiaoxiao\app\controllers\ArticleController.php(68): getimagesize('E:\wamp\tmp\php...')
#2 [internal function]: ArticleController->uploadImageArticle()
#3 E:\wamp\www\xiaoxiao\vendor\laravel\framework\src\Illuminate\Routing\Controller.php(194): call_user_func_array(Array, Array)
#4 E:\wamp\www\xiaoxiao\vendor\laravel\framework\src\Illuminate\Routing\ControllerDispatcher.php(93): Illuminate\Routing\Controller->callAction('uploadImageArti...', Array)
#5 E:\wamp\www\xiaoxiao\vendor\laravel\framework\src\Illuminate\Routing\ControllerDispatcher.php(62): Illuminate\Routing\ControllerDispatcher->call(Object(ArticleController), Object(Illuminate\Routing\Route), 'uploadImageArti...')
#6 E:\wamp\www\xiaoxiao\vendor\laravel\framework\src\Illuminate\Routing\Router.php(934): Illuminate\Routing\ControllerDispatcher->dispatch(Object(Illuminate\Routing\Route), Object(Illuminate\Http\Request), 'ArticleControll...', 'uploadImageArti...')
#7 [internal function]: Illuminate\Routing\Router->Illuminate\Routing\{closure}()
#8 E:\wamp\www\xiaoxiao\vendor\laravel\framework\src\Illuminate\Routing\Route.php(105): call_user_func_array(Object(Closure), Array)
#9 E:\wamp\www\xiaoxiao\vendor\laravel\framework\src\Illuminate\Routing\Router.php(1000): Illuminate\Routing\Route->run(Object(Illuminate\Http\Request))
#10 E:\wamp\www\xiaoxiao\vendor\laravel\framework\src\Illuminate\Routing\Router.php(968): Illuminate\Routing\Router->dispatchToRoute(Object(Illuminate\Http\Request))
#11 E:\wamp\www\xiaoxiao\vendor\laravel\framework\src\Illuminate\Foundation\Application.php(738): Illuminate\Routing\Router->dispatch(Object(Illuminate\Http\Request))
#12 E:\wamp\www\xiaoxiao\vendor\laravel\framework\src\Illuminate\Foundation\Application.php(708): Illuminate\Foundation\Application->dispatch(Object(Illuminate\Http\Request))
#13 E:\wamp\www\xiaoxiao\vendor\laravel\framework\src\Illuminate\Http\FrameGuard.php(38): Illuminate\Foundation\Application->handle(Object(Illuminate\Http\Request), 1, true)
#14 E:\wamp\www\xiaoxiao\vendor\laravel\framework\src\Illuminate\Session\Middleware.php(72): Illuminate\Http\FrameGuard->handle(Object(Illuminate\Http\Request), 1, true)
#15 E:\wamp\www\xiaoxiao\vendor\laravel\framework\src\Illuminate\Cookie\Queue.php(47): Illuminate\Session\Middleware->handle(Object(Illuminate\Http\Request), 1, true)
#16 E:\wamp\www\xiaoxiao\vendor\laravel\framework\src\Illuminate\Cookie\Guard.php(51): Illuminate\Cookie\Queue->handle(Object(Illuminate\Http\Request), 1, true)
#17 E:\wamp\www\xiaoxiao\vendor\stack\builder\src\Stack\StackedHttpKernel.php(23): Illuminate\Cookie\Guard->handle(Object(Illuminate\Http\Request), 1, true)
#18 E:\wamp\www\xiaoxiao\vendor\laravel\framework\src\Illuminate\Foundation\Application.php(606): Stack\StackedHttpKernel->handle(Object(Illuminate\Http\Request))
#19 E:\wamp\www\xiaoxiao\public\index.php(49): Illuminate\Foundation\Application->run()
#20 {main} [] []
[2014-03-05 01:09:18] production.ERROR: exception 'ErrorException' with message 'getimagesize(E:\wamp\tmp\php961C.tmp): failed to open stream: No such file or directory' in E:\wamp\www\xiaoxiao\app\controllers\ArticleController.php:68
Stack trace:
#0 [internal function]: Illuminate\Exception\Handler->handleError(2, 'getimagesize(E:...', 'E:\wamp\www\xia...', 68, Array)
#1 E:\wamp\www\xiaoxiao\app\controllers\ArticleController.php(68): getimagesize('E:\wamp\tmp\php...')
#2 [internal function]: ArticleController->uploadImageArticle()
#3 E:\wamp\www\xiaoxiao\vendor\laravel\framework\src\Illuminate\Routing\Controller.php(194): call_user_func_array(Array, Array)
#4 E:\wamp\www\xiaoxiao\vendor\laravel\framework\src\Illuminate\Routing\ControllerDispatcher.php(93): Illuminate\Routing\Controller->callAction('uploadImageArti...', Array)
#5 E:\wamp\www\xiaoxiao\vendor\laravel\framework\src\Illuminate\Routing\ControllerDispatcher.php(62): Illuminate\Routing\ControllerDispatcher->call(Object(ArticleController), Object(Illuminate\Routing\Route), 'uploadImageArti...')
#6 E:\wamp\www\xiaoxiao\vendor\laravel\framework\src\Illuminate\Routing\Router.php(934): Illuminate\Routing\ControllerDispatcher->dispatch(Object(Illuminate\Routing\Route), Object(Illuminate\Http\Request), 'ArticleControll...', 'uploadImageArti...')
#7 [internal function]: Illuminate\Routing\Router->Illuminate\Routing\{closure}()
#8 E:\wamp\www\xiaoxiao\vendor\laravel\framework\src\Illuminate\Routing\Route.php(105): call_user_func_array(Object(Closure), Array)
#9 E:\wamp\www\xiaoxiao\vendor\laravel\framework\src\Illuminate\Routing\Router.php(1000): Illuminate\Routing\Route->run(Object(Illuminate\Http\Request))
#10 E:\wamp\www\xiaoxiao\vendor\laravel\framework\src\Illuminate\Routing\Router.php(968): Illuminate\Routing\Router->dispatchToRoute(Object(Illuminate\Http\Request))
#11 E:\wamp\www\xiaoxiao\vendor\laravel\framework\src\Illuminate\Foundation\Application.php(738): Illuminate\Routing\Router->dispatch(Object(Illuminate\Http\Request))
#12 E:\wamp\www\xiaoxiao\vendor\laravel\framework\src\Illuminate\Foundation\Application.php(708): Illuminate\Foundation\Application->dispatch(Object(Illuminate\Http\Request))
#13 E:\wamp\www\xiaoxiao\vendor\laravel\framework\src\Illuminate\Http\FrameGuard.php(38): Illuminate\Foundation\Application->handle(Object(Illuminate\Http\Request), 1, true)
#14 E:\wamp\www\xiaoxiao\vendor\laravel\framework\src\Illuminate\Session\Middleware.php(72): Illuminate\Http\FrameGuard->handle(Object(Illuminate\Http\Request), 1, true)
#15 E:\wamp\www\xiaoxiao\vendor\laravel\framework\src\Illuminate\Cookie\Queue.php(47): Illuminate\Session\Middleware->handle(Object(Illuminate\Http\Request), 1, true)
#16 E:\wamp\www\xiaoxiao\vendor\laravel\framework\src\Illuminate\Cookie\Guard.php(51): Illuminate\Cookie\Queue->handle(Object(Illuminate\Http\Request), 1, true)
#17 E:\wamp\www\xiaoxiao\vendor\stack\builder\src\Stack\StackedHttpKernel.php(23): Illuminate\Cookie\Guard->handle(Object(Illuminate\Http\Request), 1, true)
#18 E:\wamp\www\xiaoxiao\vendor\laravel\framework\src\Illuminate\Foundation\Application.php(606): Stack\StackedHttpKernel->handle(Object(Illuminate\Http\Request))
#19 E:\wamp\www\xiaoxiao\public\index.php(49): Illuminate\Foundation\Application->run()
#20 {main} [] []
[2014-03-05 01:16:29] production.ERROR: exception 'ErrorException' with message 'imagejpeg(E:\wamp\www\xiaoxiao\public/upload//screenshot/81Yo0TGVLJiWgAVOwFHKDa3ygiETOlEl.GIF): failed to open stream: No such file or directory' in E:\wamp\www\xiaoxiao\app\library\Img.php:157
Stack trace:
#0 [internal function]: Illuminate\Exception\Handler->handleError(2, 'imagejpeg(E:\wa...', 'E:\wamp\www\xia...', 157, Array)
#1 E:\wamp\www\xiaoxiao\app\library\Img.php(157): imagejpeg(Resource id #187, 'E:\wamp\www\xia...')
#2 E:\wamp\www\xiaoxiao\app\controllers\ArticleController.php(165): Img::resizeImage('E:\wamp\www\xia...', 240, 320, 'E:\wamp\www\xia...')
#3 [internal function]: ArticleController->forwardImageArticle()
#4 E:\wamp\www\xiaoxiao\vendor\laravel\framework\src\Illuminate\Routing\Controller.php(194): call_user_func_array(Array, Array)
#5 E:\wamp\www\xiaoxiao\vendor\laravel\framework\src\Illuminate\Routing\ControllerDispatcher.php(93): Illuminate\Routing\Controller->callAction('forwardImageArt...', Array)
#6 E:\wamp\www\xiaoxiao\vendor\laravel\framework\src\Illuminate\Routing\ControllerDispatcher.php(62): Illuminate\Routing\ControllerDispatcher->call(Object(ArticleController), Object(Illuminate\Routing\Route), 'forwardImageArt...')
#7 E:\wamp\www\xiaoxiao\vendor\laravel\framework\src\Illuminate\Routing\Router.php(934): Illuminate\Routing\ControllerDispatcher->dispatch(Object(Illuminate\Routing\Route), Object(Illuminate\Http\Request), 'ArticleControll...', 'forwardImageArt...')
#8 [internal function]: Illuminate\Routing\Router->Illuminate\Routing\{closure}()
#9 E:\wamp\www\xiaoxiao\vendor\laravel\framework\src\Illuminate\Routing\Route.php(105): call_user_func_array(Object(Closure), Array)
#10 E:\wamp\www\xiaoxiao\vendor\laravel\framework\src\Illuminate\Routing\Router.php(1000): Illuminate\Routing\Route->run(Object(Illuminate\Http\Request))
#11 E:\wamp\www\xiaoxiao\vendor\laravel\framework\src\Illuminate\Routing\Router.php(968): Illuminate\Routing\Router->dispatchToRoute(Object(Illuminate\Http\Request))
#12 E:\wamp\www\xiaoxiao\vendor\laravel\framework\src\Illuminate\Foundation\Application.php(738): Illuminate\Routing\Router->dispatch(Object(Illuminate\Http\Request))
#13 E:\wamp\www\xiaoxiao\vendor\laravel\framework\src\Illuminate\Foundation\Application.php(708): Illuminate\Foundation\Application->dispatch(Object(Illuminate\Http\Request))
#14 E:\wamp\www\xiaoxiao\vendor\laravel\framework\src\Illuminate\Http\FrameGuard.php(38): Illuminate\Foundation\Application->handle(Object(Illuminate\Http\Request), 1, true)
#15 E:\wamp\www\xiaoxiao\vendor\laravel\framework\src\Illuminate\Session\Middleware.php(72): Illuminate\Http\FrameGuard->handle(Object(Illuminate\Http\Request), 1, true)
#16 E:\wamp\www\xiaoxiao\vendor\laravel\framework\src\Illuminate\Cookie\Queue.php(47): Illuminate\Session\Middleware->handle(Object(Illuminate\Http\Request), 1, true)
#17 E:\wamp\www\xiaoxiao\vendor\laravel\framework\src\Illuminate\Cookie\Guard.php(51): Illuminate\Cookie\Queue->handle(Object(Illuminate\Http\Request), 1, true)
#18 E:\wamp\www\xiaoxiao\vendor\stack\builder\src\Stack\StackedHttpKernel.php(23): Illuminate\Cookie\Guard->handle(Object(Illuminate\Http\Request), 1, true)
#19 E:\wamp\www\xiaoxiao\vendor\laravel\framework\src\Illuminate\Foundation\Application.php(606): Stack\StackedHttpKernel->handle(Object(Illuminate\Http\Request))
#20 E:\wamp\www\xiaoxiao\public\index.php(49): Illuminate\Foundation\Application->run()
#21 {main} [] []
[2014-03-05 01:16:37] production.ERROR: exception 'ErrorException' with message 'imagejpeg(E:\wamp\www\xiaoxiao\public/upload//screenshot/azrN7eFvJGMtjOjuKmVLVr2dq1TDf0V6.GIF): failed to open stream: No such file or directory' in E:\wamp\www\xiaoxiao\app\library\Img.php:157
Stack trace:
#0 [internal function]: Illuminate\Exception\Handler->handleError(2, 'imagejpeg(E:\wa...', 'E:\wamp\www\xia...', 157, Array)
#1 E:\wamp\www\xiaoxiao\app\library\Img.php(157): imagejpeg(Resource id #187, 'E:\wamp\www\xia...')
#2 E:\wamp\www\xiaoxiao\app\controllers\ArticleController.php(165): Img::resizeImage('E:\wamp\www\xia...', 240, 320, 'E:\wamp\www\xia...')
#3 [internal function]: ArticleController->forwardImageArticle()
#4 E:\wamp\www\xiaoxiao\vendor\laravel\framework\src\Illuminate\Routing\Controller.php(194): call_user_func_array(Array, Array)
#5 E:\wamp\www\xiaoxiao\vendor\laravel\framework\src\Illuminate\Routing\ControllerDispatcher.php(93): Illuminate\Routing\Controller->callAction('forwardImageArt...', Array)
#6 E:\wamp\www\xiaoxiao\vendor\laravel\framework\src\Illuminate\Routing\ControllerDispatcher.php(62): Illuminate\Routing\ControllerDispatcher->call(Object(ArticleController), Object(Illuminate\Routing\Route), 'forwardImageArt...')
#7 E:\wamp\www\xiaoxiao\vendor\laravel\framework\src\Illuminate\Routing\Router.php(934): Illuminate\Routing\ControllerDispatcher->dispatch(Object(Illuminate\Routing\Route), Object(Illuminate\Http\Request), 'ArticleControll...', 'forwardImageArt...')
#8 [internal function]: Illuminate\Routing\Router->Illuminate\Routing\{closure}()
#9 E:\wamp\www\xiaoxiao\vendor\laravel\framework\src\Illuminate\Routing\Route.php(105): call_user_func_array(Object(Closure), Array)
#10 E:\wamp\www\xiaoxiao\vendor\laravel\framework\src\Illuminate\Routing\Router.php(1000): Illuminate\Routing\Route->run(Object(Illuminate\Http\Request))
#11 E:\wamp\www\xiaoxiao\vendor\laravel\framework\src\Illuminate\Routing\Router.php(968): Illuminate\Routing\Router->dispatchToRoute(Object(Illuminate\Http\Request))
#12 E:\wamp\www\xiaoxiao\vendor\laravel\framework\src\Illuminate\Foundation\Application.php(738): Illuminate\Routing\Router->dispatch(Object(Illuminate\Http\Request))
#13 E:\wamp\www\xiaoxiao\vendor\laravel\framework\src\Illuminate\Foundation\Application.php(708): Illuminate\Foundation\Application->dispatch(Object(Illuminate\Http\Request))
#14 E:\wamp\www\xiaoxiao\vendor\laravel\framework\src\Illuminate\Http\FrameGuard.php(38): Illuminate\Foundation\Application->handle(Object(Illuminate\Http\Request), 1, true)
#15 E:\wamp\www\xiaoxiao\vendor\laravel\framework\src\Illuminate\Session\Middleware.php(72): Illuminate\Http\FrameGuard->handle(Object(Illuminate\Http\Request), 1, true)
#16 E:\wamp\www\xiaoxiao\vendor\laravel\framework\src\Illuminate\Cookie\Queue.php(47): Illuminate\Session\Middleware->handle(Object(Illuminate\Http\Request), 1, true)
#17 E:\wamp\www\xiaoxiao\vendor\laravel\framework\src\Illuminate\Cookie\Guard.php(51): Illuminate\Cookie\Queue->handle(Object(Illuminate\Http\Request), 1, true)
#18 E:\wamp\www\xiaoxiao\vendor\stack\builder\src\Stack\StackedHttpKernel.php(23): Illuminate\Cookie\Guard->handle(Object(Illuminate\Http\Request), 1, true)
#19 E:\wamp\www\xiaoxiao\vendor\laravel\framework\src\Illuminate\Foundation\Application.php(606): Stack\StackedHttpKernel->handle(Object(Illuminate\Http\Request))
#20 E:\wamp\www\xiaoxiao\public\index.php(49): Illuminate\Foundation\Application->run()
#21 {main} [] []
[2014-03-05 01:17:28] production.ERROR: exception 'Symfony\Component\Debug\Exception\FatalErrorException' with message 'syntax error, unexpected '.'' in E:\wamp\www\xiaoxiao\app\controllers\ArticleController.php:165
Stack trace:
#0 [internal function]: Illuminate\Exception\Handler->handleShutdown()
#1 {main} [] []
[2014-03-05 01:24:25] production.ERROR: exception 'Symfony\Component\Debug\Exception\FatalErrorException' with message 'Call to a member function votes() on a non-object' in E:\wamp\www\xiaoxiao\app\controllers\ArticleController.php:24
Stack trace:
#0 [internal function]: Illuminate\Exception\Handler->handleShutdown()
#1 {main} [] []
[2014-03-05 01:25:43] production.ERROR: exception 'Symfony\Component\Debug\Exception\FatalErrorException' with message 'Call to undefined function exif_imagetype()' in E:\wamp\www\xiaoxiao\app\controllers\ArticleController.php:67
Stack trace:
#0 [internal function]: Illuminate\Exception\Handler->handleShutdown()
#1 {main} [] []
[2014-03-05 01:25:49] production.ERROR: exception 'Symfony\Component\Debug\Exception\FatalErrorException' with message 'Call to undefined function exif_imagetype()' in E:\wamp\www\xiaoxiao\app\controllers\ArticleController.php:67
Stack trace:
#0 [internal function]: Illuminate\Exception\Handler->handleShutdown()
#1 {main} [] []
[2014-03-05 18:44:13] local.ERROR: exception 'ErrorException' with message 'Trying to get property of non-object' in F:\wamp\www\xiaoxiao\app\controllers\ArticleController.php:216
Stack trace:
#0 F:\wamp\www\xiaoxiao\app\controllers\ArticleController.php(216): Illuminate\Exception\Handler->handleError(8, 'Trying to get p...', 'F:\wamp\www\xia...', 216, Array)
#1 [internal function]: ArticleController->destroy()
#2 F:\wamp\www\xiaoxiao\vendor\laravel\framework\src\Illuminate\Routing\Controller.php(194): call_user_func_array(Array, Array)
#3 F:\wamp\www\xiaoxiao\vendor\laravel\framework\src\Illuminate\Routing\ControllerDispatcher.php(93): Illuminate\Routing\Controller->callAction('destroy', Array)
#4 F:\wamp\www\xiaoxiao\vendor\laravel\framework\src\Illuminate\Routing\ControllerDispatcher.php(62): Illuminate\Routing\ControllerDispatcher->call(Object(ArticleController), Object(Illuminate\Routing\Route), 'destroy')
#5 F:\wamp\www\xiaoxiao\vendor\laravel\framework\src\Illuminate\Routing\Router.php(934): Illuminate\Routing\ControllerDispatcher->dispatch(Object(Illuminate\Routing\Route), Object(Illuminate\Http\Request), 'ArticleControll...', 'destroy')
#6 [internal function]: Illuminate\Routing\Router->Illuminate\Routing\{closure}()
#7 F:\wamp\www\xiaoxiao\vendor\laravel\framework\src\Illuminate\Routing\Route.php(105): call_user_func_array(Object(Closure), Array)
#8 F:\wamp\www\xiaoxiao\vendor\laravel\framework\src\Illuminate\Routing\Router.php(1000): Illuminate\Routing\Route->run(Object(Illuminate\Http\Request))
#9 F:\wamp\www\xiaoxiao\vendor\laravel\framework\src\Illuminate\Routing\Router.php(968): Illuminate\Routing\Router->dispatchToRoute(Object(Illuminate\Http\Request))
#10 F:\wamp\www\xiaoxiao\vendor\laravel\framework\src\Illuminate\Foundation\Application.php(738): Illuminate\Routing\Router->dispatch(Object(Illuminate\Http\Request))
#11 F:\wamp\www\xiaoxiao\vendor\laravel\framework\src\Illuminate\Foundation\Application.php(708): Illuminate\Foundation\Application->dispatch(Object(Illuminate\Http\Request))
#12 F:\wamp\www\xiaoxiao\vendor\laravel\framework\src\Illuminate\Http\FrameGuard.php(38): Illuminate\Foundation\Application->handle(Object(Illuminate\Http\Request), 1, true)
#13 F:\wamp\www\xiaoxiao\vendor\laravel\framework\src\Illuminate\Session\Middleware.php(72): Illuminate\Http\FrameGuard->handle(Object(Illuminate\Http\Request), 1, true)
#14 F:\wamp\www\xiaoxiao\vendor\laravel\framework\src\Illuminate\Cookie\Queue.php(47): Illuminate\Session\Middleware->handle(Object(Illuminate\Http\Request), 1, true)
#15 F:\wamp\www\xiaoxiao\vendor\laravel\framework\src\Illuminate\Cookie\Guard.php(51): Illuminate\Cookie\Queue->handle(Object(Illuminate\Http\Request), 1, true)
#16 F:\wamp\www\xiaoxiao\vendor\stack\builder\src\Stack\StackedHttpKernel.php(23): Illuminate\Cookie\Guard->handle(Object(Illuminate\Http\Request), 1, true)
#17 F:\wamp\www\xiaoxiao\vendor\laravel\framework\src\Illuminate\Foundation\Application.php(606): Stack\StackedHttpKernel->handle(Object(Illuminate\Http\Request))
#18 F:\wamp\www\xiaoxiao\public\index.php(49): Illuminate\Foundation\Application->run()
#19 {main} [] []
[2014-03-05 18:47:17] local.ERROR: exception 'Symfony\Component\Debug\Exception\FatalErrorException' with message 'Call to undefined function exif_imagetype()' in F:\wamp\www\xiaoxiao\app\controllers\ArticleController.php:67
Stack trace:
#0 [internal function]: Illuminate\Exception\Handler->handleShutdown()
#1 {main} [] []
[2014-03-05 18:47:30] local.ERROR: exception 'Symfony\Component\Debug\Exception\FatalErrorException' with message 'Call to undefined function exif_imagetype()' in F:\wamp\www\xiaoxiao\app\controllers\ArticleController.php:67
Stack trace:
#0 [internal function]: Illuminate\Exception\Handler->handleShutdown()
#1 {main} [] []
[2014-03-05 18:47:40] local.ERROR: exception 'Symfony\Component\Debug\Exception\FatalErrorException' with message 'Call to undefined function exif_imagetype()' in F:\wamp\www\xiaoxiao\app\controllers\ArticleController.php:67
Stack trace:
#0 [internal function]: Illuminate\Exception\Handler->handleShutdown()
#1 {main} [] []
[2014-03-05 18:49:16] local.ERROR: exception 'Symfony\Component\Debug\Exception\FatalErrorException' with message 'Call to undefined function exif_imagetype()' in F:\wamp\www\xiaoxiao\app\controllers\ArticleController.php:67
Stack trace:
#0 [internal function]: Illuminate\Exception\Handler->handleShutdown()
#1 {main} [] []
[2014-03-05 18:49:22] local.ERROR: exception 'Symfony\Component\Debug\Exception\FatalErrorException' with message 'Call to undefined function exif_imagetype()' in F:\wamp\www\xiaoxiao\app\controllers\ArticleController.php:67
Stack trace:
#0 [internal function]: Illuminate\Exception\Handler->handleShutdown()
#1 {main} [] []
